<?xml version="1.0" encoding="UTF-8"?>
<!-- Generated by org.testng.reporters.JUnitReportReporter -->
<testsuite hostname="Kavitha-Ramasamy.local" failures="0" tests="5" name="org.uiScriptingPackage.UiScriptingClass" time="32.423" errors="0" timestamp="2021-11-15T18:18:08 IST" skipped="0">
  <testcase classname="org.uiScriptingPackage.UiScriptingClass" name="searchAnItem" time="5.891"/>
  <system-out/>
  <testcase classname="org.uiScriptingPackage.UiScriptingClass" name="selectAnItemFromSearchResult" time="2.764"/>
  <system-out/>
  <testcase classname="org.uiScriptingPackage.UiScriptingClass" name="pricecomparision" time="22.637"/>
  <system-out/>
  <testcase classname="org.uiScriptingPackage.UiScriptingClass" name="deleteItemFromCart" time="0.150"/>
  <system-out/>
  <testcase classname="org.uiScriptingPackage.UiScriptingClass" name="closeBrowser" time="0.981"/>
  <system-out/>
</testsuite> <!-- org.uiScriptingPackage.UiScriptingClass -->
